                                 Started job on |	Jun 21 13:11:27
                             Started mapping on |	Jun 21 13:11:28
                                    Finished on |	Jun 21 14:14:18
       Mapping speed, Million of reads per hour |	32.09

                          Number of input reads |	33601266
                      Average input read length |	99
                                    UNIQUE READS:
                   Uniquely mapped reads number |	4266274
                        Uniquely mapped reads % |	12.70%
                          Average mapped length |	97.00
                       Number of splices: Total |	657875
            Number of splices: Annotated (sjdb) |	0
                       Number of splices: GT/AG |	605490
                       Number of splices: GC/AG |	26511
                       Number of splices: AT/AC |	211
               Number of splices: Non-canonical |	25663
                      Mismatch rate per base, % |	4.57%
                         Deletion rate per base |	0.03%
                        Deletion average length |	1.69
                        Insertion rate per base |	0.03%
                       Insertion average length |	1.50
                             MULTI-MAPPING READS:
        Number of reads mapped to multiple loci |	6703332
             % of reads mapped to multiple loci |	19.95%
        Number of reads mapped to too many loci |	39450
             % of reads mapped to too many loci |	0.12%
                                  UNMAPPED READS:
  Number of reads unmapped: too many mismatches |	0
       % of reads unmapped: too many mismatches |	0.00%
            Number of reads unmapped: too short |	22589937
                 % of reads unmapped: too short |	67.23%
                Number of reads unmapped: other |	2273
                     % of reads unmapped: other |	0.01%
                                  CHIMERIC READS:
                       Number of chimeric reads |	0
                            % of chimeric reads |	0.00%
