           Time    Speed        Read     Read   Mapped   Mapped   Mapped   Mapped Unmapped Unmapped Unmapped Unmapped
                    M/hr      number   length   unique   length   MMrate    multi   multi+       MM    short    other
Jun 21 13:14:04      2.7      117045       99    12.6%     96.9     4.6%    19.7%     0.1%     0.0%    67.6%     0.0%
Jun 21 13:16:27     14.1     1170349       99    12.8%     97.0     4.6%    19.9%     0.1%     0.0%    67.2%     0.0%
Jun 21 13:19:17     17.9     2336349       99    12.8%     97.0     4.6%    19.8%     0.1%     0.0%    67.4%     0.0%
Jun 21 13:22:03     19.2     3385735       99    12.7%     97.0     4.6%    19.7%     0.1%     0.0%    67.5%     0.0%
Jun 21 13:24:12     20.9     4435131       99    12.7%     97.0     4.6%    19.5%     0.1%     0.0%    67.6%     0.0%
Jun 21 13:25:14     22.4     5134839       99    12.7%     97.0     4.6%    19.5%     0.1%     0.0%    67.7%     0.0%
Jun 21 13:26:45     22.0     5601208       99    12.7%     97.0     4.6%    19.5%     0.1%     0.0%    67.7%     0.0%
Jun 21 13:28:45     23.5     6767209       99    12.7%     97.0     4.6%    19.4%     0.1%     0.0%    67.7%     0.0%
Jun 21 13:29:53     25.5     7816614       99    12.7%     97.0     4.6%    19.4%     0.1%     0.0%    67.7%     0.0%
Jun 21 13:30:53     25.6     8283070       99    12.7%     97.0     4.6%    19.4%     0.1%     0.0%    67.7%     0.0%
Jun 21 13:32:36     25.5     8982613       99    12.7%     97.0     4.6%    19.5%     0.1%     0.0%    67.7%     0.0%
Jun 21 13:34:28     26.5    10147996       99    12.7%     97.0     4.6%    19.6%     0.1%     0.0%    67.6%     0.0%
Jun 21 13:36:21     27.3    11309373       99    12.7%     97.0     4.6%    19.6%     0.1%     0.0%    67.5%     0.0%
Jun 21 13:37:58     28.0    12354681       99    12.7%     97.0     4.6%    19.6%     0.1%     0.0%    67.5%     0.0%
Jun 21 13:40:25     28.0    13516127       99    12.7%     97.0     4.6%    19.6%     0.1%     0.0%    67.5%     0.0%
Jun 21 13:42:20     28.5    14677593       99    12.7%     97.0     4.6%    19.7%     0.1%     0.0%    67.5%     0.0%
Jun 21 13:43:20     29.6    15722840       99    12.7%     97.0     4.6%    19.7%     0.1%     0.0%    67.5%     0.0%
Jun 21 13:44:21     29.1    15955105       99    12.7%     97.0     4.6%    19.7%     0.1%     0.0%    67.5%     0.0%
Jun 21 13:46:24     29.2    17000460       99    12.7%     97.0     4.6%    19.7%     0.1%     0.0%    67.4%     0.0%
Jun 21 13:48:09     29.7    18161952       99    12.7%     97.0     4.6%    19.7%     0.1%     0.0%    67.4%     0.0%
Jun 21 13:49:09     30.6    19207336       99    12.7%     97.0     4.6%    19.8%     0.1%     0.0%    67.4%     0.0%
Jun 21 13:50:17     29.9    19323478       99    12.7%     97.0     4.6%    19.8%     0.1%     0.0%    67.4%     0.0%
Jun 21 13:52:21     30.1    20484959       99    12.7%     97.0     4.6%    19.8%     0.1%     0.0%    67.4%     0.0%
Jun 21 13:54:16     30.3    21646508       99    12.7%     97.0     4.6%    19.8%     0.1%     0.0%    67.4%     0.0%
Jun 21 13:56:06     30.7    22808026       99    12.7%     97.0     4.6%    19.8%     0.1%     0.0%    67.4%     0.0%
Jun 21 13:57:58     30.9    23969530       99    12.7%     97.0     4.6%    19.8%     0.1%     0.0%    67.4%     0.0%
Jun 21 13:59:37     31.2    25014904       99    12.7%     97.0     4.6%    19.8%     0.1%     0.0%    67.4%     0.0%
Jun 21 14:00:52     31.7    26060258       99    12.7%     97.0     4.6%    19.8%     0.1%     0.0%    67.4%     0.0%
Jun 21 14:01:54     31.3    26292557       99    12.7%     97.0     4.6%    19.8%     0.1%     0.0%    67.4%     0.0%
Jun 21 14:03:40     31.4    27337848       99    12.7%     97.0     4.6%    19.8%     0.1%     0.0%    67.3%     0.0%
Jun 21 14:05:02     31.8    28383154       99    12.7%     97.0     4.6%    19.9%     0.1%     0.0%    67.3%     0.0%
Jun 21 14:06:09     31.7    28847792       99    12.7%     97.0     4.6%    19.9%     0.1%     0.0%    67.3%     0.0%
Jun 21 14:07:28     31.7    29544670       99    12.7%     97.0     4.6%    19.9%     0.1%     0.0%    67.3%     0.0%
Jun 21 14:08:29     32.1    30473790       99    12.7%     97.0     4.6%    19.9%     0.1%     0.0%    67.3%     0.0%
Jun 21 14:09:32     31.7    30706085       99    12.7%     97.0     4.6%    19.9%     0.1%     0.0%    67.3%     0.0%
Jun 21 14:10:48     32.0    31635267       99    12.7%     97.0     4.6%    19.9%     0.1%     0.0%    67.3%     0.0%
Jun 21 14:11:58     31.8    32099837       99    12.7%     97.0     4.6%    19.9%     0.1%     0.0%    67.3%     0.0%
Jun 21 14:13:37     31.8    32912802       99    12.7%     97.0     4.6%    19.9%     0.1%     0.0%    67.2%     0.0%
ALL DONE!
